<?xml version="1.0" encoding="UTF-8"?>
<testng-results skipped="0" failed="0" total="1" passed="1">
  <reporter-output>
  </reporter-output>
  <suite name="Default suite" duration-ms="24573" started-at="2017-04-05T18:42:34Z" finished-at="2017-04-05T18:42:59Z">
    <groups>
    </groups>
    <test name="Default test" duration-ms="24573" started-at="2017-04-05T18:42:34Z" finished-at="2017-04-05T18:42:59Z">
      <class name="com.wordpress.testcases.VerifyWordpressLogin">
        <test-method status="PASS" signature="VerifyValidLogin()[pri:0, instance:com.wordpress.testcases.VerifyWordpressLogin@4bee09]" name="VerifyValidLogin" duration-ms="24557" started-at="2017-04-06T00:42:34Z" finished-at="2017-04-06T00:42:59Z">
          <reporter-output>
          </reporter-output>
        </test-method> <!-- VerifyValidLogin -->
      </class> <!-- com.wordpress.testcases.VerifyWordpressLogin -->
    </test> <!-- Default test -->
  </suite> <!-- Default suite -->
</testng-results>
